<?xml version="1.0" encoding="UTF-8"?>
<!-- Generated by org.testng.reporters.JUnitXMLReporter -->
<testsuite hostname="IBM141-PC0F1FB8" ignored="28" name="Material_Create_Fill_In_Data_Local_JDE" tests="3" failures="3" timestamp="12 Jun 2019 10:23:11 GMT" time="178.214" errors="0">
  <testcase name="material_Local_Plant_Data_Fill_In_For_Change_Nav" time="0.0" classname="com.mendix.test.MaterialNavScript">
    <failure type="org.testng.TestNGException" message="
Method public void com.mendix.test.MaterialNavScript.material_Local_Plant_Data_Fill_In_For_Change_Nav(java.util.Map) throws java.lang.InterruptedException requires a @DataProvider named : CreateMaterial_Fill_In_Local in class com.mendix.util.DataProviderUtil$staticProviderClass">
      <![CDATA[org.testng.TestNGException: 
Method public void com.mendix.test.MaterialNavScript.material_Local_Plant_Data_Fill_In_For_Change_Nav(java.util.Map) throws java.lang.InterruptedException requires a @DataProvider named : CreateMaterial_Fill_In_Local in class com.mendix.util.DataProviderUtil$staticProviderClass
... Removed 22 stack frames]]>
    </failure>
  </testcase> <!-- material_Local_Plant_Data_Fill_In_For_Change_Nav -->
  <testcase name="material_Local_Finance_Data_Fill_In_For_Change_Nav" time="0.0" classname="com.mendix.test.MaterialNavScript">
    <failure type="org.testng.TestNGException" message="
Method public void com.mendix.test.MaterialNavScript.material_Local_Finance_Data_Fill_In_For_Change_Nav(java.util.Map) throws java.lang.InterruptedException requires a @DataProvider named : CreateMaterial_Fill_In_Local in class com.mendix.util.DataProviderUtil$staticProviderClass">
      <![CDATA[org.testng.TestNGException: 
Method public void com.mendix.test.MaterialNavScript.material_Local_Finance_Data_Fill_In_For_Change_Nav(java.util.Map) throws java.lang.InterruptedException requires a @DataProvider named : CreateMaterial_Fill_In_Local in class com.mendix.util.DataProviderUtil$staticProviderClass
... Removed 22 stack frames]]>
    </failure>
  </testcase> <!-- material_Local_Finance_Data_Fill_In_For_Change_Nav -->
  <testcase name="material_Submit_Global_And_Local_Requests" time="178.177" classname="com.mendix.test.MaterialNavScript">
    <failure type="org.openqa.selenium.WebDriverException" message="java.net.SocketException: Connection reset
Build info: version: &amp;apos;3.14.0&amp;apos;, revision: &amp;apos;aacccce0&amp;apos;, time: &amp;apos;2018-08-02T20:13:22.693Z&amp;apos;
System info: host: &amp;apos;IBM141-PC0F1FB8&amp;apos;, ip: &amp;apos;9.251.112.242&amp;apos;, os.name: &amp;apos;Windows 7&amp;apos;, os.arch: &amp;apos;amd64&amp;apos;, os.version: &amp;apos;6.1&amp;apos;, java.version: &amp;apos;1.8.0_201&amp;apos;
Driver info: driver.version: RemoteWebDriver">
      <![CDATA[org.openqa.selenium.WebDriverException: java.net.SocketException: Connection reset
Build info: version: '3.14.0', revision: 'aacccce0', time: '2018-08-02T20:13:22.693Z'
System info: host: 'IBM141-PC0F1FB8', ip: '9.251.112.242', os.name: 'Windows 7', os.arch: 'amd64', os.version: '6.1', java.version: '1.8.0_201'
Driver info: driver.version: RemoteWebDriver
at org.openqa.selenium.remote.service.DriverCommandExecutor.execute(DriverCommandExecutor.java:92)
at org.openqa.selenium.remote.RemoteWebDriver.execute(RemoteWebDriver.java:548)
at org.openqa.selenium.remote.RemoteWebDriver.findElements(RemoteWebDriver.java:349)
at org.openqa.selenium.remote.RemoteWebDriver.findElementsByCssSelector(RemoteWebDriver.java:420)
at org.openqa.selenium.By$ByCssSelector.findElements(By.java:441)
at org.openqa.selenium.remote.RemoteWebDriver.findElements(RemoteWebDriver.java:310)
at org.openqa.selenium.support.ui.ExpectedConditions.findElement(ExpectedConditions.java:895)
at org.openqa.selenium.support.ui.ExpectedConditions.access$000(ExpectedConditions.java:44)
at org.openqa.selenium.support.ui.ExpectedConditions$7.apply(ExpectedConditions.java:206)
at org.openqa.selenium.support.ui.ExpectedConditions$7.apply(ExpectedConditions.java:202)
at org.openqa.selenium.support.ui.FluentWait.until(FluentWait.java:260)
at com.mendix.page.MaterialPage.getRequestId_CreateNew(MaterialPage.java:1788)
at com.mendix.test.MaterialNavScript.material_Submit_Global_And_Local_Requests(MaterialNavScript.java:436)
Caused by: java.net.SocketException: Connection reset
at java.net.SocketInputStream.read(Unknown Source)
at java.net.SocketInputStream.read(Unknown Source)
at okio.Okio$2.read(Okio.java:140)
at okio.AsyncTimeout$2.read(AsyncTimeout.java:237)
at okio.RealBufferedSource.indexOf(RealBufferedSource.java:355)
at okio.RealBufferedSource.readUtf8LineStrict(RealBufferedSource.java:227)
at okhttp3.internal.http1.Http1Codec.readHeaderLine(Http1Codec.java:215)
at okhttp3.internal.http1.Http1Codec.readResponseHeaders(Http1Codec.java:189)
at okhttp3.internal.http.CallServerInterceptor.intercept(CallServerInterceptor.java:88)
at okhttp3.internal.http.RealInterceptorChain.proceed(RealInterceptorChain.java:147)
at okhttp3.internal.connection.ConnectInterceptor.intercept(ConnectInterceptor.java:45)
at okhttp3.internal.http.RealInterceptorChain.proceed(RealInterceptorChain.java:147)
at okhttp3.internal.http.RealInterceptorChain.proceed(RealInterceptorChain.java:121)
at okhttp3.internal.cache.CacheInterceptor.intercept(CacheInterceptor.java:93)
at okhttp3.internal.http.RealInterceptorChain.proceed(RealInterceptorChain.java:147)
at okhttp3.internal.http.RealInterceptorChain.proceed(RealInterceptorChain.java:121)
at okhttp3.internal.http.BridgeInterceptor.intercept(BridgeInterceptor.java:93)
at okhttp3.internal.http.RealInterceptorChain.proceed(RealInterceptorChain.java:147)
at okhttp3.internal.http.RetryAndFollowUpInterceptor.intercept(RetryAndFollowUpInterceptor.java:126)
at okhttp3.internal.http.RealInterceptorChain.proceed(RealInterceptorChain.java:147)
at okhttp3.internal.http.RealInterceptorChain.proceed(RealInterceptorChain.java:121)
at okhttp3.RealCall.getResponseWithInterceptorChain(RealCall.java:200)
at okhttp3.RealCall.execute(RealCall.java:77)
at org.openqa.selenium.remote.internal.OkHttpClient.execute(OkHttpClient.java:105)
at org.openqa.selenium.remote.HttpCommandExecutor.execute(HttpCommandExecutor.java:155)
at org.openqa.selenium.remote.service.DriverCommandExecutor.execute(DriverCommandExecutor.java:83)
... 37 more
... Removed 25 stack frames]]>
    </failure>
  </testcase> <!-- material_Submit_Global_And_Local_Requests -->
  <testcase name="Material_Create_Syndication_Check" time="0.0" classname="com.mendix.test.MaterialNavScript">
    <ignored/>
  </testcase> <!-- Material_Create_Syndication_Check -->
  <testcase name="Create_Material_Rejections_with_Discard_Change_Nav" time="0.0" classname="com.mendix.test.MaterialNavScript">
    <ignored/>
  </testcase> <!-- Create_Material_Rejections_with_Discard_Change_Nav -->
  <testcase name="Material_Create_Review_Local_Data_Reject_LDS" time="0.0" classname="com.mendix.test.MaterialNavScript">
    <ignored/>
  </testcase> <!-- Material_Create_Review_Local_Data_Reject_LDS -->
  <testcase name="Process_Information_Check_Local_Extension" time="0.0" classname="com.mendix.test.MaterialNavScript">
    <ignored/>
  </testcase> <!-- Process_Information_Check_Local_Extension -->
  <testcase name="Material_Create_Review_Global_Data_Approve_GDA" time="0.0" classname="com.mendix.test.MaterialNavScript">
    <ignored/>
  </testcase> <!-- Material_Create_Review_Global_Data_Approve_GDA -->
  <testcase name="Material_Global_LocalData_Submit_LDR" time="0.0" classname="com.mendix.test.MaterialNavScript">
    <ignored/>
  </testcase> <!-- Material_Global_LocalData_Submit_LDR -->
  <testcase name="Process_Information_Check_Local_Reject_Status_LDS" time="0.0" classname="com.mendix.test.MaterialNavScript">
    <ignored/>
  </testcase> <!-- Process_Information_Check_Local_Reject_Status_LDS -->
  <testcase name="Material_Create_Review_Global_Data_Approve_LBDA" time="0.0" classname="com.mendix.test.MaterialNavScript">
    <ignored/>
  </testcase> <!-- Material_Create_Review_Global_Data_Approve_LBDA -->
  <testcase name="Material_BankData_Submit_LDR" time="0.0" classname="com.mendix.test.MaterialNavScript">
    <ignored/>
  </testcase> <!-- Material_BankData_Submit_LDR -->
  <testcase name="Material_Create_Fill_In_Data_JDE_Planning" time="0.0" classname="com.mendix.test.MaterialNavScript">
    <ignored/>
  </testcase> <!-- Material_Create_Fill_In_Data_JDE_Planning -->
  <testcase name="material_Flag_For_Deletion_Syndication_Check_GlobalId" time="0.0" classname="com.mendix.test.MaterialNavScript">
    <ignored/>
  </testcase> <!-- material_Flag_For_Deletion_Syndication_Check_GlobalId -->
  <testcase name="Material_Create_Fill_In_Data" time="0.0" classname="com.mendix.test.MaterialNavScript">
    <ignored/>
  </testcase> <!-- Material_Create_Fill_In_Data -->
  <testcase name="Material_Create_Review_Bank_Data_Reject_LDS" time="0.0" classname="com.mendix.test.MaterialNavScript">
    <ignored/>
  </testcase> <!-- Material_Create_Review_Bank_Data_Reject_LDS -->
  <testcase name="Material_Create_Fill_In_Data_JDE_Finance" time="0.0" classname="com.mendix.test.MaterialNavScript">
    <ignored/>
  </testcase> <!-- Material_Create_Fill_In_Data_JDE_Finance -->
  <testcase name="validate_And_Submit_Global_Local_Request" time="0.0" classname="com.mendix.test.MaterialNavScript">
    <ignored/>
  </testcase> <!-- validate_And_Submit_Global_Local_Request -->
  <testcase name="Process_Information_Check_Global" time="0.0" classname="com.mendix.test.MaterialNavScript">
    <ignored/>
  </testcase> <!-- Process_Information_Check_Global -->
  <testcase name="Material_LocalGlobal_Submit_LDR" time="0.0" classname="com.mendix.test.MaterialNavScript">
    <ignored/>
  </testcase> <!-- Material_LocalGlobal_Submit_LDR -->
  <testcase name="Material_LocalData_Submit_LDR" time="0.0" classname="com.mendix.test.MaterialNavScript">
    <ignored/>
  </testcase> <!-- Material_LocalData_Submit_LDR -->
  <testcase name="material_Local_Plant_Data_Fill_In_Nav" time="0.0" classname="com.mendix.test.MaterialNavScript">
    <ignored/>
  </testcase> <!-- material_Local_Plant_Data_Fill_In_Nav -->
  <testcase name="Material_Create_Review_Global_Data_Approve_LDS" time="0.0" classname="com.mendix.test.MaterialNavScript">
    <ignored/>
  </testcase> <!-- Material_Create_Review_Global_Data_Approve_LDS -->
  <testcase name="Material_Create_Fill_In_Data_JDE_Site" time="0.0" classname="com.mendix.test.MaterialNavScript">
    <ignored/>
  </testcase> <!-- Material_Create_Fill_In_Data_JDE_Site -->
  <testcase name="happy_Flag_Deletion_Nav" time="0.0" classname="com.mendix.test.MaterialNavScript">
    <ignored/>
  </testcase> <!-- happy_Flag_Deletion_Nav -->
  <testcase name="material_Local_Finance_Data_Fill_In_Nav" time="0.0" classname="com.mendix.test.MaterialNavScript">
    <ignored/>
  </testcase> <!-- material_Local_Finance_Data_Fill_In_Nav -->
  <testcase name="material_Confirm_Extension" time="0.0" classname="com.mendix.test.MaterialNavScript">
    <ignored/>
  </testcase> <!-- material_Confirm_Extension -->
  <testcase name="material_Create_Fill_In_Data_Nav_Local_Site" time="0.0" classname="com.mendix.test.MaterialNavScript">
    <ignored/>
  </testcase> <!-- material_Create_Fill_In_Data_Nav_Local_Site -->
  <testcase name="Process_Information_Check_Local" time="0.0" classname="com.mendix.test.MaterialNavScript">
    <ignored/>
  </testcase> <!-- Process_Information_Check_Local -->
  <testcase name="material_Create_Fill_In_Data_Nav_Local_Adding_Site" time="0.0" classname="com.mendix.test.MaterialNavScript">
    <ignored/>
  </testcase> <!-- material_Create_Fill_In_Data_Nav_Local_Adding_Site -->
  <testcase name="Process_Information_Check_GlobalID" time="0.0" classname="com.mendix.test.MaterialNavScript">
    <ignored/>
  </testcase> <!-- Process_Information_Check_GlobalID -->
</testsuite> <!-- Material_Create_Fill_In_Data_Local_JDE -->
