<?xml version="1.0" encoding="UTF-8"?>
<!-- Generated by org.testng.reporters.JUnitXMLReporter -->
<testsuite hostname="ykuntala" ignored="45" name="Process_Information_Check_Approved" tests="95" failures="1" timestamp="18 Jun 2019 09:32:12 GMT" time="49.498" errors="0">
  <testcase name="process_Information_Check_GlobalID_Extend" time="0.0" classname="com.mendix.test.MaterialScript"/>
  <testcase name="process_Information_Check_GlobalID_Extend" time="0.0" classname="com.mendix.test.MaterialScript"/>
  <testcase name="process_Information_Check_GlobalID_Extend" time="0.001" classname="com.mendix.test.MaterialScript"/>
  <testcase name="process_Information_Check_GlobalID_Extend" time="0.001" classname="com.mendix.test.MaterialScript"/>
  <testcase name="process_Information_Check_GlobalID_Extend" time="49.254" classname="com.mendix.test.MaterialScript">
    <failure type="org.openqa.selenium.NoSuchElementException" message="Unable to find element with xpath == .//div[contains(@class,&amp;apos;searchResults&amp;apos;)]/div[3]/div/table[2]/tbody/tr[1]/td[10]/div
For documentation on this error, please visit: https://www.seleniumhq.org/exceptions/no_such_element.html
Build info: version: &amp;apos;3.141.59&amp;apos;, revision: &amp;apos;e82be7d358&amp;apos;, time: &amp;apos;2018-11-14T08:25:53&amp;apos;
System info: host: &amp;apos;YKUNTALA&amp;apos;, ip: &amp;apos;9.79.141.225&amp;apos;, os.name: &amp;apos;Windows 7&amp;apos;, os.arch: &amp;apos;amd64&amp;apos;, os.version: &amp;apos;6.1&amp;apos;, java.version: &amp;apos;1.8.0_121&amp;apos;
Driver info: org.openqa.selenium.ie.InternetExplorerDriver
Capabilities {acceptInsecureCerts: false, browserName: internet explorer, browserVersion: 11, javascriptEnabled: true, pageLoadStrategy: normal, platform: WINDOWS, platformName: WINDOWS, proxy: Proxy(), se:ieOptions: {browserAttachTimeout: 0, elementScrollBehavior: 0, enablePersistentHover: false, ie.browserCommandLineSwitches: , ie.ensureCleanSession: false, ie.fileUploadDialogTimeout: 3000, ie.forceCreateProcessApi: false, ignoreProtectedModeSettings: false, ignoreZoomSetting: true, initialBrowserUrl: http://localhost:19307/, nativeEvents: true, requireWindowFocus: false}, setWindowRect: true, timeouts: {implicit: 0, pageLoad: 300000, script: 30000}}
Session ID: 04b992f1-5d78-4a08-a582-d813d4592b12
*** Element info: {Using=xpath, value=.//div[contains(@class,&amp;apos;searchResults&amp;apos;)]/div[3]/div/table[2]/tbody/tr[1]/td[10]/div}">
      <![CDATA[org.openqa.selenium.NoSuchElementException: Unable to find element with xpath == .//div[contains(@class,'searchResults')]/div[3]/div/table[2]/tbody/tr[1]/td[10]/div
For documentation on this error, please visit: https://www.seleniumhq.org/exceptions/no_such_element.html
Build info: version: '3.141.59', revision: 'e82be7d358', time: '2018-11-14T08:25:53'
System info: host: 'YKUNTALA', ip: '9.79.141.225', os.name: 'Windows 7', os.arch: 'amd64', os.version: '6.1', java.version: '1.8.0_121'
Driver info: org.openqa.selenium.ie.InternetExplorerDriver
Capabilities {acceptInsecureCerts: false, browserName: internet explorer, browserVersion: 11, javascriptEnabled: true, pageLoadStrategy: normal, platform: WINDOWS, platformName: WINDOWS, proxy: Proxy(), se:ieOptions: {browserAttachTimeout: 0, elementScrollBehavior: 0, enablePersistentHover: false, ie.browserCommandLineSwitches: , ie.ensureCleanSession: false, ie.fileUploadDialogTimeout: 3000, ie.forceCreateProcessApi: false, ignoreProtectedModeSettings: false, ignoreZoomSetting: true, initialBrowserUrl: http://localhost:19307/, nativeEvents: true, requireWindowFocus: false}, setWindowRect: true, timeouts: {implicit: 0, pageLoad: 300000, script: 30000}}
Session ID: 04b992f1-5d78-4a08-a582-d813d4592b12
*** Element info: {Using=xpath, value=.//div[contains(@class,'searchResults')]/div[3]/div/table[2]/tbody/tr[1]/td[10]/div}
at org.openqa.selenium.remote.http.W3CHttpResponseCodec.createException(W3CHttpResponseCodec.java:187)
at org.openqa.selenium.remote.http.W3CHttpResponseCodec.decode(W3CHttpResponseCodec.java:122)
at org.openqa.selenium.remote.http.W3CHttpResponseCodec.decode(W3CHttpResponseCodec.java:49)
at org.openqa.selenium.remote.HttpCommandExecutor.execute(HttpCommandExecutor.java:158)
at org.openqa.selenium.remote.service.DriverCommandExecutor.execute(DriverCommandExecutor.java:83)
at org.openqa.selenium.remote.RemoteWebDriver.execute(RemoteWebDriver.java:552)
at org.openqa.selenium.remote.RemoteWebDriver.findElement(RemoteWebDriver.java:323)
at org.openqa.selenium.remote.RemoteWebDriver.findElementByXPath(RemoteWebDriver.java:428)
at org.openqa.selenium.By$ByXPath.findElement(By.java:353)
at org.openqa.selenium.remote.RemoteWebDriver.findElement(RemoteWebDriver.java:315)
at com.mendix.page.MaterialPage.getGlobalIdProcessInfo_Extend(MaterialPage.java:2398)
at com.mendix.test.MaterialScript.process_Information_Check_GlobalID_Extend(MaterialScript.java:362)
... Removed 28 stack frames]]>
    </failure>
  </testcase> <!-- process_Information_Check_GlobalID_Extend -->
  <testcase name="process_Information_Check_GlobalID_Extend" time="0.001" classname="com.mendix.test.MaterialScript"/>
  <testcase name="process_Information_Check_GlobalID_Extend" time="0.0" classname="com.mendix.test.MaterialScript"/>
  <testcase name="process_Information_Check_GlobalID_Extend" time="0.001" classname="com.mendix.test.MaterialScript"/>
  <testcase name="process_Information_Check_GlobalID_Extend" time="0.001" classname="com.mendix.test.MaterialScript"/>
  <testcase name="process_Information_Check_GlobalID_Extend" time="0.001" classname="com.mendix.test.MaterialScript"/>
  <testcase name="process_Information_Check_GlobalID_Extend" time="0.001" classname="com.mendix.test.MaterialScript"/>
  <testcase name="process_Information_Check_GlobalID_Extend" time="0.0" classname="com.mendix.test.MaterialScript"/>
  <testcase name="process_Information_Check_GlobalID_Extend" time="0.0" classname="com.mendix.test.MaterialScript"/>
  <testcase name="process_Information_Check_GlobalID_Extend" time="0.0" classname="com.mendix.test.MaterialScript"/>
  <testcase name="process_Information_Check_GlobalID_Extend" time="0.0" classname="com.mendix.test.MaterialScript"/>
  <testcase name="process_Information_Check_GlobalID_Extend" time="0.0" classname="com.mendix.test.MaterialScript"/>
  <testcase name="process_Information_Check_GlobalID_Extend" time="0.001" classname="com.mendix.test.MaterialScript"/>
  <testcase name="process_Information_Check_GlobalID_Extend" time="0.0" classname="com.mendix.test.MaterialScript"/>
  <testcase name="process_Information_Check_GlobalID_Extend" time="0.0" classname="com.mendix.test.MaterialScript"/>
  <testcase name="process_Information_Check_GlobalID_Extend" time="0.001" classname="com.mendix.test.MaterialScript"/>
  <testcase name="process_Information_Check_GlobalID_Extend" time="0.0" classname="com.mendix.test.MaterialScript"/>
  <testcase name="process_Information_Check_GlobalID_Extend" time="0.0" classname="com.mendix.test.MaterialScript"/>
  <testcase name="process_Information_Check_GlobalID_Extend" time="0.001" classname="com.mendix.test.MaterialScript"/>
  <testcase name="process_Information_Check_GlobalID_Extend" time="0.0" classname="com.mendix.test.MaterialScript"/>
  <testcase name="process_Information_Check_GlobalID_Extend" time="0.0" classname="com.mendix.test.MaterialScript"/>
  <testcase name="process_Information_Check_GlobalID_Extend" time="0.018" classname="com.mendix.test.MaterialScript"/>
  <testcase name="process_Information_Check_GlobalID_Extend" time="0.0" classname="com.mendix.test.MaterialScript"/>
  <testcase name="process_Information_Check_GlobalID_Extend" time="0.0" classname="com.mendix.test.MaterialScript"/>
  <testcase name="process_Information_Check_GlobalID_Extend" time="0.0" classname="com.mendix.test.MaterialScript"/>
  <testcase name="process_Information_Check_GlobalID_Extend" time="0.0" classname="com.mendix.test.MaterialScript"/>
  <testcase name="process_Information_Check_GlobalID_Extend" time="0.0" classname="com.mendix.test.MaterialScript"/>
  <testcase name="process_Information_Check_GlobalID_Extend" time="0.0" classname="com.mendix.test.MaterialScript"/>
  <testcase name="process_Information_Check_GlobalID_Extend" time="0.001" classname="com.mendix.test.MaterialScript"/>
  <testcase name="process_Information_Check_GlobalID_Extend" time="0.0" classname="com.mendix.test.MaterialScript"/>
  <testcase name="process_Information_Check_GlobalID_Extend" time="0.001" classname="com.mendix.test.MaterialScript"/>
  <testcase name="process_Information_Check_GlobalID_Extend" time="0.0" classname="com.mendix.test.MaterialScript"/>
  <testcase name="process_Information_Check_GlobalID_Extend" time="0.0" classname="com.mendix.test.MaterialScript"/>
  <testcase name="process_Information_Check_GlobalID_Extend" time="0.0" classname="com.mendix.test.MaterialScript"/>
  <testcase name="process_Information_Check_GlobalID_Extend" time="0.0" classname="com.mendix.test.MaterialScript"/>
  <testcase name="process_Information_Check_GlobalID_Extend" time="0.007" classname="com.mendix.test.MaterialScript"/>
  <testcase name="process_Information_Check_GlobalID_Extend" time="0.0" classname="com.mendix.test.MaterialScript"/>
  <testcase name="process_Information_Check_GlobalID_Extend" time="0.0" classname="com.mendix.test.MaterialScript"/>
  <testcase name="process_Information_Check_GlobalID_Extend" time="0.001" classname="com.mendix.test.MaterialScript"/>
  <testcase name="process_Information_Check_GlobalID_Extend" time="0.0" classname="com.mendix.test.MaterialScript"/>
  <testcase name="process_Information_Check_GlobalID_Extend" time="0.0" classname="com.mendix.test.MaterialScript"/>
  <testcase name="process_Information_Check_GlobalID_Extend" time="0.0" classname="com.mendix.test.MaterialScript"/>
  <testcase name="process_Information_Check_GlobalID_Extend" time="0.0" classname="com.mendix.test.MaterialScript"/>
  <testcase name="process_Information_Check_GlobalID_Extend" time="0.0" classname="com.mendix.test.MaterialScript"/>
  <testcase name="process_Information_Check_GlobalID_Extend" time="0.007" classname="com.mendix.test.MaterialScript"/>
  <testcase name="process_Information_Check_GlobalID_Extend" time="0.0" classname="com.mendix.test.MaterialScript"/>
  <testcase name="process_Information_Check_GlobalID_Extend" time="0.0" classname="com.mendix.test.MaterialScript"/>
  <testcase name="process_Information_Check_GlobalID_Extend" time="0.0" classname="com.mendix.test.MaterialScript"/>
  <testcase name="process_Information_Check_GlobalID_Extend" time="0.0" classname="com.mendix.test.MaterialScript"/>
  <testcase name="process_Information_Check_GlobalID_Extend" time="0.0" classname="com.mendix.test.MaterialScript"/>
  <testcase name="process_Information_Check_GlobalID_Extend" time="0.0" classname="com.mendix.test.MaterialScript"/>
  <testcase name="process_Information_Check_GlobalID_Extend" time="0.0" classname="com.mendix.test.MaterialScript"/>
  <testcase name="process_Information_Check_GlobalID_Extend" time="0.0" classname="com.mendix.test.MaterialScript"/>
  <testcase name="process_Information_Check_GlobalID_Extend" time="0.0" classname="com.mendix.test.MaterialScript"/>
  <testcase name="process_Information_Check_GlobalID_Extend" time="0.001" classname="com.mendix.test.MaterialScript"/>
  <testcase name="process_Information_Check_GlobalID_Extend" time="0.0" classname="com.mendix.test.MaterialScript"/>
  <testcase name="process_Information_Check_GlobalID_Extend" time="0.0" classname="com.mendix.test.MaterialScript"/>
  <testcase name="process_Information_Check_GlobalID_Extend" time="0.0" classname="com.mendix.test.MaterialScript"/>
  <testcase name="process_Information_Check_GlobalID_Extend" time="0.007" classname="com.mendix.test.MaterialScript"/>
  <testcase name="process_Information_Check_GlobalID_Extend" time="0.0" classname="com.mendix.test.MaterialScript"/>
  <testcase name="process_Information_Check_GlobalID_Extend" time="0.001" classname="com.mendix.test.MaterialScript"/>
  <testcase name="process_Information_Check_GlobalID_Extend" time="0.0" classname="com.mendix.test.MaterialScript"/>
  <testcase name="process_Information_Check_GlobalID_Extend" time="0.0" classname="com.mendix.test.MaterialScript"/>
  <testcase name="process_Information_Check_GlobalID_Extend" time="0.0" classname="com.mendix.test.MaterialScript"/>
  <testcase name="process_Information_Check_GlobalID_Extend" time="0.001" classname="com.mendix.test.MaterialScript"/>
  <testcase name="process_Information_Check_GlobalID_Extend" time="0.0" classname="com.mendix.test.MaterialScript"/>
  <testcase name="process_Information_Check_GlobalID_Extend" time="0.001" classname="com.mendix.test.MaterialScript"/>
  <testcase name="process_Information_Check_GlobalID_Extend" time="0.0" classname="com.mendix.test.MaterialScript"/>
  <testcase name="process_Information_Check_GlobalID_Extend" time="0.001" classname="com.mendix.test.MaterialScript"/>
  <testcase name="process_Information_Check_GlobalID_Extend" time="0.0" classname="com.mendix.test.MaterialScript"/>
  <testcase name="process_Information_Check_GlobalID_Extend" time="0.0" classname="com.mendix.test.MaterialScript"/>
  <testcase name="process_Information_Check_GlobalID_Extend" time="0.0" classname="com.mendix.test.MaterialScript"/>
  <testcase name="process_Information_Check_GlobalID_Extend" time="0.007" classname="com.mendix.test.MaterialScript"/>
  <testcase name="process_Information_Check_GlobalID_Extend" time="0.0" classname="com.mendix.test.MaterialScript"/>
  <testcase name="process_Information_Check_GlobalID_Extend" time="0.0" classname="com.mendix.test.MaterialScript"/>
  <testcase name="process_Information_Check_GlobalID_Extend" time="0.001" classname="com.mendix.test.MaterialScript"/>
  <testcase name="process_Information_Check_GlobalID_Extend" time="0.0" classname="com.mendix.test.MaterialScript"/>
  <testcase name="process_Information_Check_GlobalID_Extend" time="0.0" classname="com.mendix.test.MaterialScript"/>
  <testcase name="process_Information_Check_GlobalID_Extend" time="0.0" classname="com.mendix.test.MaterialScript"/>
  <testcase name="process_Information_Check_GlobalID_Extend" time="0.0" classname="com.mendix.test.MaterialScript"/>
  <testcase name="process_Information_Check_GlobalID_Extend" time="0.0" classname="com.mendix.test.MaterialScript"/>
  <testcase name="process_Information_Check_GlobalID_Extend" time="0.006" classname="com.mendix.test.MaterialScript"/>
  <testcase name="process_Information_Check_GlobalID_Extend" time="0.0" classname="com.mendix.test.MaterialScript"/>
  <testcase name="process_Information_Check_GlobalID_Extend" time="0.0" classname="com.mendix.test.MaterialScript"/>
  <testcase name="process_Information_Check_GlobalID_Extend" time="0.001" classname="com.mendix.test.MaterialScript"/>
  <testcase name="process_Information_Check_GlobalID_Extend" time="0.0" classname="com.mendix.test.MaterialScript"/>
  <testcase name="process_Information_Check_GlobalID_Extend" time="0.008" classname="com.mendix.test.MaterialScript"/>
  <testcase name="process_Information_Check_GlobalID_Extend" time="0.0" classname="com.mendix.test.MaterialScript"/>
  <testcase name="process_Information_Check_GlobalID_Extend" time="0.0" classname="com.mendix.test.MaterialScript"/>
  <testcase name="process_Information_Check_GlobalID_Extend" time="0.0" classname="com.mendix.test.MaterialScript"/>
  <testcase name="process_Information_Check_GlobalID_Extend" time="0.0" classname="com.mendix.test.MaterialScript"/>
  <testcase name="Process_Information_Check_LDRInitiator" time="0.0" classname="com.mendix.test.MaterialScript">
    <ignored/>
  </testcase> <!-- Process_Information_Check_LDRInitiator -->
  <testcase name="material_Create_With_ref_Global_and_Local_Nav" time="0.0" classname="com.mendix.test.MaterialScript">
    <ignored/>
  </testcase> <!-- material_Create_With_ref_Global_and_Local_Nav -->
  <testcase name="Material_Create_Validate_Submit_Check" time="0.0" classname="com.mendix.test.MaterialScript">
    <ignored/>
  </testcase> <!-- Material_Create_Validate_Submit_Check -->
  <testcase name="Material_Data_With_Reject_GDA" time="0.0" classname="com.mendix.test.MaterialScript">
    <ignored/>
  </testcase> <!-- Material_Data_With_Reject_GDA -->
  <testcase name="Material_Create_Validate_Submit_Save_Check" time="0.0" classname="com.mendix.test.MaterialScript">
    <ignored/>
  </testcase> <!-- Material_Create_Validate_Submit_Save_Check -->
  <testcase name="launchUFT_JDE_Material" time="0.0" classname="com.mendix.test.MaterialScript">
    <ignored/>
  </testcase> <!-- launchUFT_JDE_Material -->
  <testcase name="material_Global_Data_Edit_Nav" time="0.0" classname="com.mendix.test.MaterialScript">
    <ignored/>
  </testcase> <!-- material_Global_Data_Edit_Nav -->
  <testcase name="material_Resubmit_To_Global_Approval" time="0.0" classname="com.mendix.test.MaterialScript">
    <ignored/>
  </testcase> <!-- material_Resubmit_To_Global_Approval -->
  <testcase name="launchUFT_SAP_Material" time="0.0" classname="com.mendix.test.MaterialScript">
    <ignored/>
  </testcase> <!-- launchUFT_SAP_Material -->
  <testcase name="Material_Extend_Syndication_Check" time="0.0" classname="com.mendix.test.MaterialScript">
    <ignored/>
  </testcase> <!-- Material_Extend_Syndication_Check -->
  <testcase name="Process_Information_Check_Discard" time="0.0" classname="com.mendix.test.MaterialScript">
    <ignored/>
  </testcase> <!-- Process_Information_Check_Discard -->
  <testcase name="material_Create_With_ref_Local_Data_Edit_Nav" time="0.0" classname="com.mendix.test.MaterialScript">
    <ignored/>
  </testcase> <!-- material_Create_With_ref_Local_Data_Edit_Nav -->
  <testcase name="Material_Create_Review_Global_Data_Approve_GBDA" time="0.0" classname="com.mendix.test.MaterialScript">
    <ignored/>
  </testcase> <!-- Material_Create_Review_Global_Data_Approve_GBDA -->
  <testcase name="material_Resubmit_To_Global_Approval_Extend" time="0.0" classname="com.mendix.test.MaterialScript">
    <ignored/>
  </testcase> <!-- material_Resubmit_To_Global_Approval_Extend -->
  <testcase name="Material_Create_Fill_In_Data_Save_as_draft" time="0.0" classname="com.mendix.test.MaterialScript">
    <ignored/>
  </testcase> <!-- Material_Create_Fill_In_Data_Save_as_draft -->
  <testcase name="navigate_To_MDM_Workflow" time="0.0" classname="com.mendix.test.MaterialScript">
    <ignored/>
  </testcase> <!-- navigate_To_MDM_Workflow -->
  <testcase name="material_Data_Extend_NAV" time="0.0" classname="com.mendix.test.MaterialScript">
    <ignored/>
  </testcase> <!-- material_Data_Extend_NAV -->
  <testcase name="Material_Save_As_Draft_Data_SubmitRequest_LDR" time="0.0" classname="com.mendix.test.MaterialScript">
    <ignored/>
  </testcase> <!-- Material_Save_As_Draft_Data_SubmitRequest_LDR -->
  <testcase name="material_Create_Local_Data_Approve_LDP_NAV" time="0.0" classname="com.mendix.test.MaterialScript">
    <ignored/>
  </testcase> <!-- material_Create_Local_Data_Approve_LDP_NAV -->
  <testcase name="Material_Create_Fill_in_Data_Save_as_Draft_Submit" time="0.0" classname="com.mendix.test.MaterialScript">
    <ignored/>
  </testcase> <!-- Material_Create_Fill_in_Data_Save_as_Draft_Submit -->
  <testcase name="material_Create_With_ref_Edit_Nav" time="0.0" classname="com.mendix.test.MaterialScript">
    <ignored/>
  </testcase> <!-- material_Create_With_ref_Edit_Nav -->
  <testcase name="Create_Material_Rejections_with_Discard" time="0.0" classname="com.mendix.test.MaterialScript">
    <ignored/>
  </testcase> <!-- Create_Material_Rejections_with_Discard -->
  <testcase name="Process_Information_Check_FlagDeletion" time="0.0" classname="com.mendix.test.MaterialScript">
    <ignored/>
  </testcase> <!-- Process_Information_Check_FlagDeletion -->
  <testcase name="material_Create_Review_Global_Data_Approve_GBDA_NAV" time="0.0" classname="com.mendix.test.MaterialScript">
    <ignored/>
  </testcase> <!-- material_Create_Review_Global_Data_Approve_GBDA_NAV -->
  <testcase name="Material_Create_Review_Global_Data_Approve_GDA_Duplicate" time="0.0" classname="com.mendix.test.MaterialScript">
    <ignored/>
  </testcase> <!-- Material_Create_Review_Global_Data_Approve_GDA_Duplicate -->
  <testcase name="Material_Data_Extend" time="0.0" classname="com.mendix.test.MaterialScript">
    <ignored/>
  </testcase> <!-- Material_Data_Extend -->
  <testcase name="Material_Direct_Copy_With_References" time="0.0" classname="com.mendix.test.MaterialScript">
    <ignored/>
  </testcase> <!-- Material_Direct_Copy_With_References -->
  <testcase name="Process_Information_Check" time="0.0" classname="com.mendix.test.MaterialScript">
    <ignored/>
  </testcase> <!-- Process_Information_Check -->
  <testcase name="material_Reject_LDS" time="0.0" classname="com.mendix.test.MaterialScript">
    <ignored/>
  </testcase> <!-- material_Reject_LDS -->
  <testcase name="Happy_Flag_Deletion" time="0.0" classname="com.mendix.test.MaterialScript">
    <ignored/>
  </testcase> <!-- Happy_Flag_Deletion -->
  <testcase name="Material_Create_Fill_In_Questionnaire" time="0.0" classname="com.mendix.test.MaterialScript">
    <ignored/>
  </testcase> <!-- Material_Create_Fill_In_Questionnaire -->
  <testcase name="Material_Create_Syndication_Check" time="0.0" classname="com.mendix.test.MaterialScript">
    <ignored/>
  </testcase> <!-- Material_Create_Syndication_Check -->
  <testcase name="launchUFT_NAV_Material" time="0.0" classname="com.mendix.test.MaterialScript">
    <ignored/>
  </testcase> <!-- launchUFT_NAV_Material -->
  <testcase name="material_Create_Syndication_Check_GlobalId" time="0.0" classname="com.mendix.test.MaterialScript">
    <ignored/>
  </testcase> <!-- material_Create_Syndication_Check_GlobalId -->
  <testcase name="Material_Create_Review_Global_Data_Approve_LBDA" time="0.0" classname="com.mendix.test.MaterialScript">
    <ignored/>
  </testcase> <!-- Material_Create_Review_Global_Data_Approve_LBDA -->
  <testcase name="Create_Material_Rejections_with_Discard_Local" time="0.0" classname="com.mendix.test.MaterialScript">
    <ignored/>
  </testcase> <!-- Create_Material_Rejections_with_Discard_Local -->
  <testcase name="Material_Create_Review_Global_Data_Approve_GDA" time="0.0" classname="com.mendix.test.MaterialScript">
    <ignored/>
  </testcase> <!-- Material_Create_Review_Global_Data_Approve_GDA -->
  <testcase name="Material_Create_Fill_In_Data_Reject" time="0.0" classname="com.mendix.test.MaterialScript">
    <ignored/>
  </testcase> <!-- Material_Create_Fill_In_Data_Reject -->
  <testcase name="Material_Reject_LBDA" time="0.0" classname="com.mendix.test.MaterialScript">
    <ignored/>
  </testcase> <!-- Material_Reject_LBDA -->
  <testcase name="Global_Lock_Validation" time="0.0" classname="com.mendix.test.MaterialScript">
    <ignored/>
  </testcase> <!-- Global_Lock_Validation -->
  <testcase name="Material_Create_Fill_In_Data" time="0.0" classname="com.mendix.test.MaterialScript">
    <ignored/>
  </testcase> <!-- Material_Create_Fill_In_Data -->
  <testcase name="material_Create_Review_Local_Data_Approve_LDS" time="0.0" classname="com.mendix.test.MaterialScript">
    <ignored/>
  </testcase> <!-- material_Create_Review_Local_Data_Approve_LDS -->
  <testcase name="material_Resubmit_To_Local_Approval" time="0.0" classname="com.mendix.test.MaterialScript">
    <ignored/>
  </testcase> <!-- material_Resubmit_To_Local_Approval -->
  <testcase name="Material_Reject_GDA" time="0.0" classname="com.mendix.test.MaterialScript">
    <ignored/>
  </testcase> <!-- Material_Reject_GDA -->
  <testcase name="Material_Create_Review_Global_Data_Approve_LDP_NAV" time="0.0" classname="com.mendix.test.MaterialScript">
    <ignored/>
  </testcase> <!-- Material_Create_Review_Global_Data_Approve_LDP_NAV -->
</testsuite> <!-- Process_Information_Check_Approved -->
