<?xml version="1.0" encoding="UTF-8"?>
<!-- Generated by org.testng.reporters.JUnitXMLReporter -->
<testsuite hostname="ykuntala" ignored="58" name="Vendor_Create_Fill_In_Data" tests="5" failures="1" timestamp="18 Jun 2019 09:26:09 GMT" time="327.065" errors="0">
  <testcase name="Vendor_Create_Fill_In_Data" time="0.001" classname="com.mendix.test.VendorScript"/>
  <testcase name="Vendor_Create_Fill_In_Data" time="0.001" classname="com.mendix.test.VendorScript"/>
  <testcase name="Vendor_Create_Fill_In_Data" time="0.001" classname="com.mendix.test.VendorScript"/>
  <testcase name="Vendor_Create_Fill_In_Data" time="327.039" classname="com.mendix.test.VendorScript">
    <failure type="org.openqa.selenium.NoSuchElementException" message="Unable to find element with xpath == .//*[text()=&amp;apos;Country&amp;apos;]/../div/div/select
For documentation on this error, please visit: https://www.seleniumhq.org/exceptions/no_such_element.html
Build info: version: &amp;apos;3.141.59&amp;apos;, revision: &amp;apos;e82be7d358&amp;apos;, time: &amp;apos;2018-11-14T08:25:53&amp;apos;
System info: host: &amp;apos;YKUNTALA&amp;apos;, ip: &amp;apos;9.79.141.225&amp;apos;, os.name: &amp;apos;Windows 7&amp;apos;, os.arch: &amp;apos;amd64&amp;apos;, os.version: &amp;apos;6.1&amp;apos;, java.version: &amp;apos;1.8.0_121&amp;apos;
Driver info: org.openqa.selenium.ie.InternetExplorerDriver
Capabilities {acceptInsecureCerts: false, browserName: internet explorer, browserVersion: 11, javascriptEnabled: true, pageLoadStrategy: normal, platform: WINDOWS, platformName: WINDOWS, proxy: Proxy(), se:ieOptions: {browserAttachTimeout: 0, elementScrollBehavior: 0, enablePersistentHover: false, ie.browserCommandLineSwitches: , ie.ensureCleanSession: false, ie.fileUploadDialogTimeout: 3000, ie.forceCreateProcessApi: false, ignoreProtectedModeSettings: false, ignoreZoomSetting: true, initialBrowserUrl: http://localhost:48642/, nativeEvents: true, requireWindowFocus: false}, setWindowRect: true, timeouts: {implicit: 0, pageLoad: 300000, script: 30000}}
Session ID: a5e06813-86ca-481f-bd86-16aad994710d
*** Element info: {Using=xpath, value=.//*[text()=&amp;apos;Country&amp;apos;]/../div/div/select}">
      <![CDATA[org.openqa.selenium.NoSuchElementException: Unable to find element with xpath == .//*[text()='Country']/../div/div/select
For documentation on this error, please visit: https://www.seleniumhq.org/exceptions/no_such_element.html
Build info: version: '3.141.59', revision: 'e82be7d358', time: '2018-11-14T08:25:53'
System info: host: 'YKUNTALA', ip: '9.79.141.225', os.name: 'Windows 7', os.arch: 'amd64', os.version: '6.1', java.version: '1.8.0_121'
Driver info: org.openqa.selenium.ie.InternetExplorerDriver
Capabilities {acceptInsecureCerts: false, browserName: internet explorer, browserVersion: 11, javascriptEnabled: true, pageLoadStrategy: normal, platform: WINDOWS, platformName: WINDOWS, proxy: Proxy(), se:ieOptions: {browserAttachTimeout: 0, elementScrollBehavior: 0, enablePersistentHover: false, ie.browserCommandLineSwitches: , ie.ensureCleanSession: false, ie.fileUploadDialogTimeout: 3000, ie.forceCreateProcessApi: false, ignoreProtectedModeSettings: false, ignoreZoomSetting: true, initialBrowserUrl: http://localhost:48642/, nativeEvents: true, requireWindowFocus: false}, setWindowRect: true, timeouts: {implicit: 0, pageLoad: 300000, script: 30000}}
Session ID: a5e06813-86ca-481f-bd86-16aad994710d
*** Element info: {Using=xpath, value=.//*[text()='Country']/../div/div/select}
at org.openqa.selenium.remote.http.W3CHttpResponseCodec.createException(W3CHttpResponseCodec.java:187)
at org.openqa.selenium.remote.http.W3CHttpResponseCodec.decode(W3CHttpResponseCodec.java:122)
at org.openqa.selenium.remote.http.W3CHttpResponseCodec.decode(W3CHttpResponseCodec.java:49)
at org.openqa.selenium.remote.HttpCommandExecutor.execute(HttpCommandExecutor.java:158)
at org.openqa.selenium.remote.service.DriverCommandExecutor.execute(DriverCommandExecutor.java:83)
at org.openqa.selenium.remote.RemoteWebDriver.execute(RemoteWebDriver.java:552)
at org.openqa.selenium.remote.RemoteWebDriver.findElement(RemoteWebDriver.java:323)
at org.openqa.selenium.remote.RemoteWebDriver.findElementByXPath(RemoteWebDriver.java:428)
at org.openqa.selenium.By$ByXPath.findElement(By.java:353)
at org.openqa.selenium.remote.RemoteWebDriver.findElement(RemoteWebDriver.java:315)
at org.openqa.selenium.support.pagefactory.DefaultElementLocator.findElement(DefaultElementLocator.java:69)
at org.openqa.selenium.support.pagefactory.internal.LocatingElementHandler.invoke(LocatingElementHandler.java:38)
at com.sun.proxy.$Proxy8.getTagName(Unknown Source)
at org.openqa.selenium.support.ui.Select.<init>(Select.java:45)
at com.mendix.page.VendorPage.AddresCountry(VendorPage.java:607)
at com.mendix.test.VendorScript.Vendor_Create_Fill_In_Data(VendorScript.java:291)
... Removed 29 stack frames]]>
    </failure>
  </testcase> <!-- Vendor_Create_Fill_In_Data -->
  <testcase name="Vendor_Create_Fill_In_Data" time="0.001" classname="com.mendix.test.VendorScript"/>
  <testcase name="Vendor_Change_DashBoard_SearchWith_GlobalID_EDit_GlobalLocal" time="0.0" classname="com.mendix.test.VendorScript">
    <ignored/>
  </testcase> <!-- Vendor_Change_DashBoard_SearchWith_GlobalID_EDit_GlobalLocal -->
  <testcase name="vendor_Create_Review_Local_Data_Approve_LDS" time="0.0" classname="com.mendix.test.VendorScript">
    <ignored/>
  </testcase> <!-- vendor_Create_Review_Local_Data_Approve_LDS -->
  <testcase name="vendor_Extend_Global_JDE" time="0.0" classname="com.mendix.test.VendorScript">
    <ignored/>
  </testcase> <!-- vendor_Extend_Global_JDE -->
  <testcase name="Vendor_Delete_Record_Shared_With_Multiple_Opcos" time="0.0" classname="com.mendix.test.VendorScript">
    <ignored/>
  </testcase> <!-- Vendor_Delete_Record_Shared_With_Multiple_Opcos -->
  <testcase name="launchUFT_SAP_Vendor" time="0.0" classname="com.mendix.test.VendorScript">
    <ignored/>
  </testcase> <!-- launchUFT_SAP_Vendor -->
  <testcase name="Vendor_Create_Fill_In_Data_JDE" time="0.0" classname="com.mendix.test.VendorScript">
    <ignored/>
  </testcase> <!-- Vendor_Create_Fill_In_Data_JDE -->
  <testcase name="vendor_Create_Review_Global_Data_Reject_LBDA" time="0.0" classname="com.mendix.test.VendorScript">
    <ignored/>
  </testcase> <!-- vendor_Create_Review_Global_Data_Reject_LBDA -->
  <testcase name="Vendor_Create_Fill_In_Questionnaire" time="0.0" classname="com.mendix.test.VendorScript">
    <ignored/>
  </testcase> <!-- Vendor_Create_Fill_In_Questionnaire -->
  <testcase name="Vendor_Create_Review_Local_Data_Reject_LDS" time="0.0" classname="com.mendix.test.VendorScript">
    <ignored/>
  </testcase> <!-- Vendor_Create_Review_Local_Data_Reject_LDS -->
  <testcase name="Process_Information_Check_Discard" time="0.0" classname="com.mendix.test.VendorScript">
    <ignored/>
  </testcase> <!-- Process_Information_Check_Discard -->
  <testcase name="Vendor_Create_Fill_In_Data_Bank_sap" time="0.0" classname="com.mendix.test.VendorScript">
    <ignored/>
  </testcase> <!-- Vendor_Create_Fill_In_Data_Bank_sap -->
  <testcase name="Create_Vendor_Rejections_with_Discard_Extension" time="0.0" classname="com.mendix.test.VendorScript">
    <ignored/>
  </testcase> <!-- Create_Vendor_Rejections_with_Discard_Extension -->
  <testcase name="Vendor_Create_Fill_in_Data_Save_as_Draft_Submit" time="0.0" classname="com.mendix.test.VendorScript">
    <ignored/>
  </testcase> <!-- Vendor_Create_Fill_in_Data_Save_as_Draft_Submit -->
  <testcase name="launchUFT_NAV_Vendor" time="0.0" classname="com.mendix.test.VendorScript">
    <ignored/>
  </testcase> <!-- launchUFT_NAV_Vendor -->
  <testcase name="Vendor_Create_Review_Global_Data_Reject_LDP" time="0.0" classname="com.mendix.test.VendorScript">
    <ignored/>
  </testcase> <!-- Vendor_Create_Review_Global_Data_Reject_LDP -->
  <testcase name="Vendor_change_Fill_In_Data_Bank_sap" time="0.0" classname="com.mendix.test.VendorScript">
    <ignored/>
  </testcase> <!-- Vendor_change_Fill_In_Data_Bank_sap -->
  <testcase name="vendor_Create_Fill_In_Data_Global_Nav" time="0.0" classname="com.mendix.test.VendorScript">
    <ignored/>
  </testcase> <!-- vendor_Create_Fill_In_Data_Global_Nav -->
  <testcase name="Process_Information_Check" time="0.0" classname="com.mendix.test.VendorScript">
    <ignored/>
  </testcase> <!-- Process_Information_Check -->
  <testcase name="vendor_Submit_Bank_Request" time="0.0" classname="com.mendix.test.VendorScript">
    <ignored/>
  </testcase> <!-- vendor_Submit_Bank_Request -->
  <testcase name="vendor_Extend_Global_Nav_With_Rejections" time="0.0" classname="com.mendix.test.VendorScript">
    <ignored/>
  </testcase> <!-- vendor_Extend_Global_Nav_With_Rejections -->
  <testcase name="Vendor_Create_Syndication_Check_NAV" time="0.0" classname="com.mendix.test.VendorScript">
    <ignored/>
  </testcase> <!-- Vendor_Create_Syndication_Check_NAV -->
  <testcase name="vendor_Create_Fill_In_Data_Global_Nav_IncludeBank" time="0.0" classname="com.mendix.test.VendorScript">
    <ignored/>
  </testcase> <!-- vendor_Create_Fill_In_Data_Global_Nav_IncludeBank -->
  <testcase name="vendor_Create_Fill_In_Local_Purchasing_Tab" time="0.0" classname="com.mendix.test.VendorScript">
    <ignored/>
  </testcase> <!-- vendor_Create_Fill_In_Local_Purchasing_Tab -->
  <testcase name="vendor_Extend_Global_Sap_With_Rejections" time="0.0" classname="com.mendix.test.VendorScript">
    <ignored/>
  </testcase> <!-- vendor_Extend_Global_Sap_With_Rejections -->
  <testcase name="Vendor_Extend_Dashboard_Check" time="0.0" classname="com.mendix.test.VendorScript">
    <ignored/>
  </testcase> <!-- Vendor_Extend_Dashboard_Check -->
  <testcase name="Vendor_Change_local_Fill_In_Data" time="0.0" classname="com.mendix.test.VendorScript">
    <ignored/>
  </testcase> <!-- Vendor_Change_local_Fill_In_Data -->
  <testcase name="Create_Vendor_Rejections_with_Discard" time="0.0" classname="com.mendix.test.VendorScript">
    <ignored/>
  </testcase> <!-- Create_Vendor_Rejections_with_Discard -->
  <testcase name="vendor_Confirm_Extension_Nav" time="0.0" classname="com.mendix.test.VendorScript">
    <ignored/>
  </testcase> <!-- vendor_Confirm_Extension_Nav -->
  <testcase name="Happy_Flag_Deletion" time="0.0" classname="com.mendix.test.VendorScript">
    <ignored/>
  </testcase> <!-- Happy_Flag_Deletion -->
  <testcase name="Vendor_Create_Syndication_Check" time="0.0" classname="com.mendix.test.VendorScript">
    <ignored/>
  </testcase> <!-- Vendor_Create_Syndication_Check -->
  <testcase name="Vendor_Global_LockCheck" time="0.0" classname="com.mendix.test.VendorScript">
    <ignored/>
  </testcase> <!-- Vendor_Global_LockCheck -->
  <testcase name="vendor_Submit_Global_And_Local_Request" time="0.0" classname="com.mendix.test.VendorScript">
    <ignored/>
  </testcase> <!-- vendor_Submit_Global_And_Local_Request -->
  <testcase name="vendor_Create_Syndication_Check_Extend_Nav" time="0.0" classname="com.mendix.test.VendorScript">
    <ignored/>
  </testcase> <!-- vendor_Create_Syndication_Check_Extend_Nav -->
  <testcase name="vendor_Create_Review_Local_Data_Reject_LDS" time="0.0" classname="com.mendix.test.VendorScript">
    <ignored/>
  </testcase> <!-- vendor_Create_Review_Local_Data_Reject_LDS -->
  <testcase name="Vendor_Changejde_DashBoard_SearchWith_GlobalID" time="0.0" classname="com.mendix.test.VendorScript">
    <ignored/>
  </testcase> <!-- Vendor_Changejde_DashBoard_SearchWith_GlobalID -->
  <testcase name="vendor_Create_Fill_In_Bank" time="0.0" classname="com.mendix.test.VendorScript">
    <ignored/>
  </testcase> <!-- vendor_Create_Fill_In_Bank -->
  <testcase name="vendor_Create_Fill_In_Local_Finance_Tab" time="0.0" classname="com.mendix.test.VendorScript">
    <ignored/>
  </testcase> <!-- vendor_Create_Fill_In_Local_Finance_Tab -->
  <testcase name="Vendor_Create_local_Fill_In_Data" time="0.0" classname="com.mendix.test.VendorScript">
    <ignored/>
  </testcase> <!-- Vendor_Create_local_Fill_In_Data -->
  <testcase name="vendor_Reject_discard_LDR" time="0.0" classname="com.mendix.test.VendorScript">
    <ignored/>
  </testcase> <!-- vendor_Reject_discard_LDR -->
  <testcase name="change_Vendor_Rejections_with_Discard" time="0.0" classname="com.mendix.test.VendorScript">
    <ignored/>
  </testcase> <!-- change_Vendor_Rejections_with_Discard -->
  <testcase name="launchUFT_JDE" time="0.0" classname="com.mendix.test.VendorScript">
    <ignored/>
  </testcase> <!-- launchUFT_JDE -->
  <testcase name="Vendor_Create_Fill_In_Data_JDE_Bank" time="0.0" classname="com.mendix.test.VendorScript">
    <ignored/>
  </testcase> <!-- Vendor_Create_Fill_In_Data_JDE_Bank -->
  <testcase name="Create_Vendor_Resubmit_Request" time="0.0" classname="com.mendix.test.VendorScript">
    <ignored/>
  </testcase> <!-- Create_Vendor_Resubmit_Request -->
  <testcase name="Vendor_Change_DashBoard" time="0.0" classname="com.mendix.test.VendorScript">
    <ignored/>
  </testcase> <!-- Vendor_Change_DashBoard -->
  <testcase name="Vendor_Create_Syndication_Check_SAP" time="0.0" classname="com.mendix.test.VendorScript">
    <ignored/>
  </testcase> <!-- Vendor_Create_Syndication_Check_SAP -->
  <testcase name="Vendor_Create_Review_Global_Data_Reject_GDA" time="0.0" classname="com.mendix.test.VendorScript">
    <ignored/>
  </testcase> <!-- Vendor_Create_Review_Global_Data_Reject_GDA -->
  <testcase name="Vendor_Create_Fill_In_Data_SavaASDraft" time="0.0" classname="com.mendix.test.VendorScript">
    <ignored/>
  </testcase> <!-- Vendor_Create_Fill_In_Data_SavaASDraft -->
  <testcase name="vendor_Reject_Resubmit_LDR" time="0.0" classname="com.mendix.test.VendorScript">
    <ignored/>
  </testcase> <!-- vendor_Reject_Resubmit_LDR -->
  <testcase name="vendor_Reject_Resubmit_Local_LDR" time="0.0" classname="com.mendix.test.VendorScript">
    <ignored/>
  </testcase> <!-- vendor_Reject_Resubmit_Local_LDR -->
  <testcase name="Vendor_Change_Fill_In_Data" time="0.0" classname="com.mendix.test.VendorScript">
    <ignored/>
  </testcase> <!-- Vendor_Change_Fill_In_Data -->
  <testcase name="Vendor_Change_DashBoard_SearchWith_GlobalID" time="0.0" classname="com.mendix.test.VendorScript">
    <ignored/>
  </testcase> <!-- Vendor_Change_DashBoard_SearchWith_GlobalID -->
  <testcase name="Happy_Flag_Deletion_Nav" time="0.0" classname="com.mendix.test.VendorScript">
    <ignored/>
  </testcase> <!-- Happy_Flag_Deletion_Nav -->
  <testcase name="vendor_Create_Fill_In_Bank_Tab" time="0.0" classname="com.mendix.test.VendorScript">
    <ignored/>
  </testcase> <!-- vendor_Create_Fill_In_Bank_Tab -->
  <testcase name="Vendor_Change_Fill_In_Data_JDE" time="0.0" classname="com.mendix.test.VendorScript">
    <ignored/>
  </testcase> <!-- Vendor_Change_Fill_In_Data_JDE -->
  <testcase name="Vendor_Changesap_DashBoard_SearchWith_GlobalID" time="0.0" classname="com.mendix.test.VendorScript">
    <ignored/>
  </testcase> <!-- Vendor_Changesap_DashBoard_SearchWith_GlobalID -->
  <testcase name="Vendor_Create_Review_Global_Data_Approve_GDA" time="0.0" classname="com.mendix.test.VendorScript">
    <ignored/>
  </testcase> <!-- Vendor_Create_Review_Global_Data_Approve_GDA -->
  <testcase name="vendor_Create_Review_Global_Data_Approve_LBDA" time="0.0" classname="com.mendix.test.VendorScript">
    <ignored/>
  </testcase> <!-- vendor_Create_Review_Global_Data_Approve_LBDA -->
  <testcase name="Vendor_Create_Fill_In_Data_banksap" time="0.0" classname="com.mendix.test.VendorScript">
    <ignored/>
  </testcase> <!-- Vendor_Create_Fill_In_Data_banksap -->
</testsuite> <!-- Vendor_Create_Fill_In_Data -->
