<?xml version="1.0" encoding="UTF-8"?>
<!-- Generated by org.testng.reporters.JUnitXMLReporter -->
<testsuite hostname="IBM141-PC0F1FB8" ignored="41" name="Process_Information_Chec_Approvedk" tests="1" failures="1" timestamp="02 Apr 2019 06:01:21 GMT" time="123.074" errors="0">
  <testcase name="process_Information_Check_GlobalID_Extend" time="122.906" classname="com.mendix.test.MaterialScript">
    <failure type="org.openqa.selenium.TimeoutException" message="Expected condition failed: waiting for element to be clickable: By.xpath: //a[contains(text(),&amp;apos;Process Information&amp;apos;)] (tried for 120 second(s) with 500 milliseconds interval)">
      <![CDATA[org.openqa.selenium.TimeoutException: Expected condition failed: waiting for element to be clickable: By.xpath: //a[contains(text(),'Process Information')] (tried for 120 second(s) with 500 milliseconds interval)
at org.openqa.selenium.support.ui.WebDriverWait.timeoutException(WebDriverWait.java:113)
at org.openqa.selenium.support.ui.FluentWait.until(FluentWait.java:283)
at com.mendix.page.ProceesInfoPage.processInfoSearch(ProceesInfoPage.java:182)
at com.mendix.test.MaterialScript.process_Information_Check_GlobalID_Extend(MaterialScript.java:314)
Caused by: org.openqa.selenium.NoSuchWindowException: Currently focused window has been closed.
Build info: version: '3.14.0', revision: 'aacccce0', time: '2018-08-02T20:13:22.693Z'
System info: host: 'IBM141-PC0F1FB8', ip: '9.251.112.90', os.name: 'Windows 7', os.arch: 'amd64', os.version: '6.1', java.version: '1.8.0_201'
Driver info: org.openqa.selenium.ie.InternetExplorerDriver
Capabilities {acceptInsecureCerts: false, browserName: internet explorer, browserVersion: 11, javascriptEnabled: true, pageLoadStrategy: normal, platform: WINDOWS, platformName: WINDOWS, proxy: Proxy(), se:ieOptions: {browserAttachTimeout: 0, elementScrollBehavior: 0, enablePersistentHover: true, ie.browserCommandLineSwitches: , ie.ensureCleanSession: false, ie.fileUploadDialogTimeout: 3000, ie.forceCreateProcessApi: false, ignoreProtectedModeSettings: false, ignoreZoomSetting: false, initialBrowserUrl: http://localhost:16021/, nativeEvents: true, requireWindowFocus: false}, setWindowRect: true, timeouts: {implicit: 0, pageLoad: 300000, script: 30000}}
Session ID: 6ac06285-b877-4516-ab62-532abd73786e
*** Element info: {Using=xpath, value=//a[contains(text(),'Process Information')]}
at org.openqa.selenium.remote.http.W3CHttpResponseCodec.createException(W3CHttpResponseCodec.java:187)
at org.openqa.selenium.remote.http.W3CHttpResponseCodec.decode(W3CHttpResponseCodec.java:122)
at org.openqa.selenium.remote.http.W3CHttpResponseCodec.decode(W3CHttpResponseCodec.java:49)
at org.openqa.selenium.remote.HttpCommandExecutor.execute(HttpCommandExecutor.java:158)
at org.openqa.selenium.remote.service.DriverCommandExecutor.execute(DriverCommandExecutor.java:83)
at org.openqa.selenium.remote.RemoteWebDriver.execute(RemoteWebDriver.java:548)
at org.openqa.selenium.remote.RemoteWebDriver.findElements(RemoteWebDriver.java:349)
at org.openqa.selenium.remote.RemoteWebDriver.findElementsByXPath(RemoteWebDriver.java:428)
at org.openqa.selenium.By$ByXPath.findElements(By.java:348)
at org.openqa.selenium.remote.RemoteWebDriver.findElements(RemoteWebDriver.java:310)
at org.openqa.selenium.support.ui.ExpectedConditions.findElement(ExpectedConditions.java:895)
at org.openqa.selenium.support.ui.ExpectedConditions.access$000(ExpectedConditions.java:44)
at org.openqa.selenium.support.ui.ExpectedConditions$7.apply(ExpectedConditions.java:206)
at org.openqa.selenium.support.ui.ExpectedConditions$7.apply(ExpectedConditions.java:202)
at org.openqa.selenium.support.ui.ExpectedConditions$22.apply(ExpectedConditions.java:657)
at org.openqa.selenium.support.ui.ExpectedConditions$22.apply(ExpectedConditions.java:654)
at org.openqa.selenium.support.ui.FluentWait.until(FluentWait.java:260)
... 27 more
... Removed 28 stack frames]]>
    </failure>
  </testcase> <!-- process_Information_Check_GlobalID_Extend -->
  <testcase name="Process_Information_Check_LDRInitiator" time="0.0" classname="com.mendix.test.MaterialScript">
    <ignored/>
  </testcase> <!-- Process_Information_Check_LDRInitiator -->
  <testcase name="material_Create_With_ref_Global_and_Local_Nav" time="0.0" classname="com.mendix.test.MaterialScript">
    <ignored/>
  </testcase> <!-- material_Create_With_ref_Global_and_Local_Nav -->
  <testcase name="Material_Create_Validate_Submit_Check" time="0.0" classname="com.mendix.test.MaterialScript">
    <ignored/>
  </testcase> <!-- Material_Create_Validate_Submit_Check -->
  <testcase name="Material_Data_With_Reject_GDA" time="0.0" classname="com.mendix.test.MaterialScript">
    <ignored/>
  </testcase> <!-- Material_Data_With_Reject_GDA -->
  <testcase name="Material_Create_Validate_Submit_Save_Check" time="0.0" classname="com.mendix.test.MaterialScript">
    <ignored/>
  </testcase> <!-- Material_Create_Validate_Submit_Save_Check -->
  <testcase name="launchUFT_JDE_Material" time="0.0" classname="com.mendix.test.MaterialScript">
    <ignored/>
  </testcase> <!-- launchUFT_JDE_Material -->
  <testcase name="material_Resubmit_To_Global_Approval" time="0.0" classname="com.mendix.test.MaterialScript">
    <ignored/>
  </testcase> <!-- material_Resubmit_To_Global_Approval -->
  <testcase name="launchUFT_SAP_Material" time="0.0" classname="com.mendix.test.MaterialScript">
    <ignored/>
  </testcase> <!-- launchUFT_SAP_Material -->
  <testcase name="Material_Extend_Syndication_Check" time="0.0" classname="com.mendix.test.MaterialScript">
    <ignored/>
  </testcase> <!-- Material_Extend_Syndication_Check -->
  <testcase name="material_Create_With_ref_Local_Data_Edit_Nav" time="0.0" classname="com.mendix.test.MaterialScript">
    <ignored/>
  </testcase> <!-- material_Create_With_ref_Local_Data_Edit_Nav -->
  <testcase name="Process_Information_Check_Discard" time="0.0" classname="com.mendix.test.MaterialScript">
    <ignored/>
  </testcase> <!-- Process_Information_Check_Discard -->
  <testcase name="Material_Create_Review_Global_Data_Approve_GBDA" time="0.0" classname="com.mendix.test.MaterialScript">
    <ignored/>
  </testcase> <!-- Material_Create_Review_Global_Data_Approve_GBDA -->
  <testcase name="navigate_To_MDM_Workflow" time="0.0" classname="com.mendix.test.MaterialScript">
    <ignored/>
  </testcase> <!-- navigate_To_MDM_Workflow -->
  <testcase name="material_Resubmit_To_Global_Approval_Extend" time="0.0" classname="com.mendix.test.MaterialScript">
    <ignored/>
  </testcase> <!-- material_Resubmit_To_Global_Approval_Extend -->
  <testcase name="Material_Create_Fill_In_Data_Save_as_draft" time="0.0" classname="com.mendix.test.MaterialScript">
    <ignored/>
  </testcase> <!-- Material_Create_Fill_In_Data_Save_as_draft -->
  <testcase name="Material_Save_As_Draft_Data_SubmitRequest_LDR" time="0.0" classname="com.mendix.test.MaterialScript">
    <ignored/>
  </testcase> <!-- Material_Save_As_Draft_Data_SubmitRequest_LDR -->
  <testcase name="material_Data_Extend_NAV" time="0.0" classname="com.mendix.test.MaterialScript">
    <ignored/>
  </testcase> <!-- material_Data_Extend_NAV -->
  <testcase name="material_Create_Local_Data_Approve_LDP_NAV" time="0.0" classname="com.mendix.test.MaterialScript">
    <ignored/>
  </testcase> <!-- material_Create_Local_Data_Approve_LDP_NAV -->
  <testcase name="material_Create_With_ref_Global_Data_Edit_Nav" time="0.0" classname="com.mendix.test.MaterialScript">
    <ignored/>
  </testcase> <!-- material_Create_With_ref_Global_Data_Edit_Nav -->
  <testcase name="Material_Create_Fill_in_Data_Save_as_Draft_Submit" time="0.0" classname="com.mendix.test.MaterialScript">
    <ignored/>
  </testcase> <!-- Material_Create_Fill_in_Data_Save_as_Draft_Submit -->
  <testcase name="Create_Material_Rejections_with_Discard" time="0.0" classname="com.mendix.test.MaterialScript">
    <ignored/>
  </testcase> <!-- Create_Material_Rejections_with_Discard -->
  <testcase name="Process_Information_Check_FlagDeletion" time="0.0" classname="com.mendix.test.MaterialScript">
    <ignored/>
  </testcase> <!-- Process_Information_Check_FlagDeletion -->
  <testcase name="Material_Create_Review_Global_Data_Approve_GDA_Duplicate" time="0.0" classname="com.mendix.test.MaterialScript">
    <ignored/>
  </testcase> <!-- Material_Create_Review_Global_Data_Approve_GDA_Duplicate -->
  <testcase name="Material_Direct_Copy_With_References" time="0.0" classname="com.mendix.test.MaterialScript">
    <ignored/>
  </testcase> <!-- Material_Direct_Copy_With_References -->
  <testcase name="Process_Information_Check" time="0.0" classname="com.mendix.test.MaterialScript">
    <ignored/>
  </testcase> <!-- Process_Information_Check -->
  <testcase name="material_Reject_LDS" time="0.0" classname="com.mendix.test.MaterialScript">
    <ignored/>
  </testcase> <!-- material_Reject_LDS -->
  <testcase name="Material_Create_Syndication_Check" time="0.0" classname="com.mendix.test.MaterialScript">
    <ignored/>
  </testcase> <!-- Material_Create_Syndication_Check -->
  <testcase name="Happy_Flag_Deletion" time="0.0" classname="com.mendix.test.MaterialScript">
    <ignored/>
  </testcase> <!-- Happy_Flag_Deletion -->
  <testcase name="Material_Create_Fill_In_Questionnaire" time="0.0" classname="com.mendix.test.MaterialScript">
    <ignored/>
  </testcase> <!-- Material_Create_Fill_In_Questionnaire -->
  <testcase name="launchUFT_NAV_Material" time="0.0" classname="com.mendix.test.MaterialScript">
    <ignored/>
  </testcase> <!-- launchUFT_NAV_Material -->
  <testcase name="material_Create_Syndication_Check_GlobalId" time="0.0" classname="com.mendix.test.MaterialScript">
    <ignored/>
  </testcase> <!-- material_Create_Syndication_Check_GlobalId -->
  <testcase name="Material_Create_Review_Global_Data_Approve_LBDA" time="0.0" classname="com.mendix.test.MaterialScript">
    <ignored/>
  </testcase> <!-- Material_Create_Review_Global_Data_Approve_LBDA -->
  <testcase name="Material_Create_Review_Global_Data_Approve_GDA" time="0.0" classname="com.mendix.test.MaterialScript">
    <ignored/>
  </testcase> <!-- Material_Create_Review_Global_Data_Approve_GDA -->
  <testcase name="Material_Create_Fill_In_Data_Reject" time="0.0" classname="com.mendix.test.MaterialScript">
    <ignored/>
  </testcase> <!-- Material_Create_Fill_In_Data_Reject -->
  <testcase name="Material_Reject_LBDA" time="0.0" classname="com.mendix.test.MaterialScript">
    <ignored/>
  </testcase> <!-- Material_Reject_LBDA -->
  <testcase name="Global_Lock_Validation" time="0.0" classname="com.mendix.test.MaterialScript">
    <ignored/>
  </testcase> <!-- Global_Lock_Validation -->
  <testcase name="Material_Create_Fill_In_Data" time="0.0" classname="com.mendix.test.MaterialScript">
    <ignored/>
  </testcase> <!-- Material_Create_Fill_In_Data -->
  <testcase name="material_Create_Review_Local_Data_Approve_LDS" time="0.0" classname="com.mendix.test.MaterialScript">
    <ignored/>
  </testcase> <!-- material_Create_Review_Local_Data_Approve_LDS -->
  <testcase name="material_Resubmit_To_Local_Approval" time="0.0" classname="com.mendix.test.MaterialScript">
    <ignored/>
  </testcase> <!-- material_Resubmit_To_Local_Approval -->
  <testcase name="Material_Reject_GDA" time="0.0" classname="com.mendix.test.MaterialScript">
    <ignored/>
  </testcase> <!-- Material_Reject_GDA -->
  <testcase name="Material_Create_Review_Global_Data_Approve_LDP_NAV" time="0.0" classname="com.mendix.test.MaterialScript">
    <ignored/>
  </testcase> <!-- Material_Create_Review_Global_Data_Approve_LDP_NAV -->
</testsuite> <!-- Process_Information_Chec_Approvedk -->
