<?xml version="1.0" encoding="UTF-8"?>
<!-- Generated by org.testng.reporters.JUnitXMLReporter -->
<testsuite hostname="ykuntala" ignored="30" name="Material_Create_Fill_In_Data" tests="1" failures="1" timestamp="18 Jun 2019 09:50:37 GMT" time="138.682" errors="0">
  <testcase name="Material_Create_Fill_In_Data" time="138.478" classname="com.mendix.test.MaterialNavScript">
    <failure type="org.openqa.selenium.NoSuchElementException" message="Unable to find element with xpath == //*[text()=&amp;apos;G&amp;apos;]
For documentation on this error, please visit: https://www.seleniumhq.org/exceptions/no_such_element.html
Build info: version: &amp;apos;3.141.59&amp;apos;, revision: &amp;apos;e82be7d358&amp;apos;, time: &amp;apos;2018-11-14T08:25:53&amp;apos;
System info: host: &amp;apos;YKUNTALA&amp;apos;, ip: &amp;apos;9.79.141.225&amp;apos;, os.name: &amp;apos;Windows 7&amp;apos;, os.arch: &amp;apos;amd64&amp;apos;, os.version: &amp;apos;6.1&amp;apos;, java.version: &amp;apos;1.8.0_121&amp;apos;
Driver info: org.openqa.selenium.ie.InternetExplorerDriver
Capabilities {acceptInsecureCerts: false, browserName: internet explorer, browserVersion: 11, javascriptEnabled: true, pageLoadStrategy: normal, platform: WINDOWS, platformName: WINDOWS, proxy: Proxy(), se:ieOptions: {browserAttachTimeout: 0, elementScrollBehavior: 0, enablePersistentHover: false, ie.browserCommandLineSwitches: , ie.ensureCleanSession: false, ie.fileUploadDialogTimeout: 3000, ie.forceCreateProcessApi: false, ignoreProtectedModeSettings: false, ignoreZoomSetting: true, initialBrowserUrl: http://localhost:17773/, nativeEvents: true, requireWindowFocus: false}, setWindowRect: true, timeouts: {implicit: 0, pageLoad: 300000, script: 30000}}
Session ID: 3d980d7e-51af-4540-b129-8e032fa225f8
*** Element info: {Using=xpath, value=//*[text()=&amp;apos;G&amp;apos;]}">
      <![CDATA[org.openqa.selenium.NoSuchElementException: Unable to find element with xpath == //*[text()='G']
For documentation on this error, please visit: https://www.seleniumhq.org/exceptions/no_such_element.html
Build info: version: '3.141.59', revision: 'e82be7d358', time: '2018-11-14T08:25:53'
System info: host: 'YKUNTALA', ip: '9.79.141.225', os.name: 'Windows 7', os.arch: 'amd64', os.version: '6.1', java.version: '1.8.0_121'
Driver info: org.openqa.selenium.ie.InternetExplorerDriver
Capabilities {acceptInsecureCerts: false, browserName: internet explorer, browserVersion: 11, javascriptEnabled: true, pageLoadStrategy: normal, platform: WINDOWS, platformName: WINDOWS, proxy: Proxy(), se:ieOptions: {browserAttachTimeout: 0, elementScrollBehavior: 0, enablePersistentHover: false, ie.browserCommandLineSwitches: , ie.ensureCleanSession: false, ie.fileUploadDialogTimeout: 3000, ie.forceCreateProcessApi: false, ignoreProtectedModeSettings: false, ignoreZoomSetting: true, initialBrowserUrl: http://localhost:17773/, nativeEvents: true, requireWindowFocus: false}, setWindowRect: true, timeouts: {implicit: 0, pageLoad: 300000, script: 30000}}
Session ID: 3d980d7e-51af-4540-b129-8e032fa225f8
*** Element info: {Using=xpath, value=//*[text()='G']}
at org.openqa.selenium.remote.http.W3CHttpResponseCodec.createException(W3CHttpResponseCodec.java:187)
at org.openqa.selenium.remote.http.W3CHttpResponseCodec.decode(W3CHttpResponseCodec.java:122)
at org.openqa.selenium.remote.http.W3CHttpResponseCodec.decode(W3CHttpResponseCodec.java:49)
at org.openqa.selenium.remote.HttpCommandExecutor.execute(HttpCommandExecutor.java:158)
at org.openqa.selenium.remote.service.DriverCommandExecutor.execute(DriverCommandExecutor.java:83)
at org.openqa.selenium.remote.RemoteWebDriver.execute(RemoteWebDriver.java:552)
at org.openqa.selenium.remote.RemoteWebDriver.findElement(RemoteWebDriver.java:323)
at org.openqa.selenium.remote.RemoteWebDriver.findElementByXPath(RemoteWebDriver.java:428)
at org.openqa.selenium.By$ByXPath.findElement(By.java:353)
at org.openqa.selenium.remote.RemoteWebDriver.findElement(RemoteWebDriver.java:315)
at com.mendix.page.MaterialPage.baseUOMSelectionTest(MaterialPage.java:673)
at com.mendix.test.MaterialNavScript.Material_Create_Fill_In_Data(MaterialNavScript.java:41)
... Removed 29 stack frames]]>
    </failure>
  </testcase> <!-- Material_Create_Fill_In_Data -->
  <testcase name="Material_Create_Syndication_Check" time="0.0" classname="com.mendix.test.MaterialNavScript">
    <ignored/>
  </testcase> <!-- Material_Create_Syndication_Check -->
  <testcase name="Create_Material_Rejections_with_Discard_Change_Nav" time="0.0" classname="com.mendix.test.MaterialNavScript">
    <ignored/>
  </testcase> <!-- Create_Material_Rejections_with_Discard_Change_Nav -->
  <testcase name="Material_Create_Review_Local_Data_Reject_LDS" time="0.0" classname="com.mendix.test.MaterialNavScript">
    <ignored/>
  </testcase> <!-- Material_Create_Review_Local_Data_Reject_LDS -->
  <testcase name="material_Submit_Global_And_Local_Requests" time="0.0" classname="com.mendix.test.MaterialNavScript">
    <ignored/>
  </testcase> <!-- material_Submit_Global_And_Local_Requests -->
  <testcase name="Process_Information_Check_Local_Extension" time="0.0" classname="com.mendix.test.MaterialNavScript">
    <ignored/>
  </testcase> <!-- Process_Information_Check_Local_Extension -->
  <testcase name="Material_Create_Review_Global_Data_Approve_GDA" time="0.0" classname="com.mendix.test.MaterialNavScript">
    <ignored/>
  </testcase> <!-- Material_Create_Review_Global_Data_Approve_GDA -->
  <testcase name="Material_Global_LocalData_Submit_LDR" time="0.0" classname="com.mendix.test.MaterialNavScript">
    <ignored/>
  </testcase> <!-- Material_Global_LocalData_Submit_LDR -->
  <testcase name="Material_Create_Review_Global_Data_Approve_LBDA" time="0.0" classname="com.mendix.test.MaterialNavScript">
    <ignored/>
  </testcase> <!-- Material_Create_Review_Global_Data_Approve_LBDA -->
  <testcase name="Process_Information_Check_Local_Reject_Status_LDS" time="0.0" classname="com.mendix.test.MaterialNavScript">
    <ignored/>
  </testcase> <!-- Process_Information_Check_Local_Reject_Status_LDS -->
  <testcase name="Material_Create_Fill_In_Data_JDE_Planning" time="0.0" classname="com.mendix.test.MaterialNavScript">
    <ignored/>
  </testcase> <!-- Material_Create_Fill_In_Data_JDE_Planning -->
  <testcase name="Material_BankData_Submit_LDR" time="0.0" classname="com.mendix.test.MaterialNavScript">
    <ignored/>
  </testcase> <!-- Material_BankData_Submit_LDR -->
  <testcase name="material_Flag_For_Deletion_Syndication_Check_GlobalId" time="0.0" classname="com.mendix.test.MaterialNavScript">
    <ignored/>
  </testcase> <!-- material_Flag_For_Deletion_Syndication_Check_GlobalId -->
  <testcase name="Material_Create_Review_Bank_Data_Reject_LDS" time="0.0" classname="com.mendix.test.MaterialNavScript">
    <ignored/>
  </testcase> <!-- Material_Create_Review_Bank_Data_Reject_LDS -->
  <testcase name="Material_Create_Fill_In_Data_JDE_Finance" time="0.0" classname="com.mendix.test.MaterialNavScript">
    <ignored/>
  </testcase> <!-- Material_Create_Fill_In_Data_JDE_Finance -->
  <testcase name="validate_And_Submit_Global_Local_Request" time="0.0" classname="com.mendix.test.MaterialNavScript">
    <ignored/>
  </testcase> <!-- validate_And_Submit_Global_Local_Request -->
  <testcase name="Process_Information_Check_Global" time="0.0" classname="com.mendix.test.MaterialNavScript">
    <ignored/>
  </testcase> <!-- Process_Information_Check_Global -->
  <testcase name="Material_LocalGlobal_Submit_LDR" time="0.0" classname="com.mendix.test.MaterialNavScript">
    <ignored/>
  </testcase> <!-- Material_LocalGlobal_Submit_LDR -->
  <testcase name="Material_LocalData_Submit_LDR" time="0.0" classname="com.mendix.test.MaterialNavScript">
    <ignored/>
  </testcase> <!-- Material_LocalData_Submit_LDR -->
  <testcase name="material_Local_Plant_Data_Fill_In_Nav" time="0.0" classname="com.mendix.test.MaterialNavScript">
    <ignored/>
  </testcase> <!-- material_Local_Plant_Data_Fill_In_Nav -->
  <testcase name="Material_Create_Review_Global_Data_Approve_LDS" time="0.0" classname="com.mendix.test.MaterialNavScript">
    <ignored/>
  </testcase> <!-- Material_Create_Review_Global_Data_Approve_LDS -->
  <testcase name="Material_Create_Fill_In_Data_JDE_Site" time="0.0" classname="com.mendix.test.MaterialNavScript">
    <ignored/>
  </testcase> <!-- Material_Create_Fill_In_Data_JDE_Site -->
  <testcase name="material_Local_Finance_Data_Fill_In_For_Change_Nav" time="0.0" classname="com.mendix.test.MaterialNavScript">
    <ignored/>
  </testcase> <!-- material_Local_Finance_Data_Fill_In_For_Change_Nav -->
  <testcase name="material_Local_Finance_Data_Fill_In_Nav" time="0.0" classname="com.mendix.test.MaterialNavScript">
    <ignored/>
  </testcase> <!-- material_Local_Finance_Data_Fill_In_Nav -->
  <testcase name="happy_Flag_Deletion_Nav" time="0.0" classname="com.mendix.test.MaterialNavScript">
    <ignored/>
  </testcase> <!-- happy_Flag_Deletion_Nav -->
  <testcase name="material_Confirm_Extension" time="0.0" classname="com.mendix.test.MaterialNavScript">
    <ignored/>
  </testcase> <!-- material_Confirm_Extension -->
  <testcase name="material_Create_Fill_In_Data_Nav_Local_Site" time="0.0" classname="com.mendix.test.MaterialNavScript">
    <ignored/>
  </testcase> <!-- material_Create_Fill_In_Data_Nav_Local_Site -->
  <testcase name="material_Local_Plant_Data_Fill_In_For_Change_Nav" time="0.0" classname="com.mendix.test.MaterialNavScript">
    <ignored/>
  </testcase> <!-- material_Local_Plant_Data_Fill_In_For_Change_Nav -->
  <testcase name="material_Create_Fill_In_Data_Nav_Local_Adding_Site" time="0.0" classname="com.mendix.test.MaterialNavScript">
    <ignored/>
  </testcase> <!-- material_Create_Fill_In_Data_Nav_Local_Adding_Site -->
  <testcase name="Process_Information_Check_Local" time="0.0" classname="com.mendix.test.MaterialNavScript">
    <ignored/>
  </testcase> <!-- Process_Information_Check_Local -->
  <testcase name="Process_Information_Check_GlobalID" time="0.0" classname="com.mendix.test.MaterialNavScript">
    <ignored/>
  </testcase> <!-- Process_Information_Check_GlobalID -->
</testsuite> <!-- Material_Create_Fill_In_Data -->
