<html>
<head>
<title>TestNG:  Process_Information_Chec_Approved</title>
<link href="../testng.css" rel="stylesheet" type="text/css" />
<link href="../my-testng.css" rel="stylesheet" type="text/css" />

<style type="text/css">
.log { display: none;} 
.stack-trace { display: none;} 
</style>
<script type="text/javascript">
<!--
function flip(e) {
  current = e.style.display;
  if (current == 'block') {
    e.style.display = 'none';
    return 0;
  }
  else {
    e.style.display = 'block';
    return 1;
  }
}

function toggleBox(szDivId, elem, msg1, msg2)
{
  var res = -1;  if (document.getElementById) {
    res = flip(document.getElementById(szDivId));
  }
  else if (document.all) {
    // this is the way old msie versions work
    res = flip(document.all[szDivId]);
  }
  if(elem) {
    if(res == 0) elem.innerHTML = msg1; else elem.innerHTML = msg2;
  }

}

function toggleAllBoxes() {
  if (document.getElementsByTagName) {
    d = document.getElementsByTagName('div');
    for (i = 0; i < d.length; i++) {
      if (d[i].className == 'log') {
        flip(d[i]);
      }
    }
  }
}

// -->
</script>

</head>
<body>
<h2 align='center'>Process_Information_Chec_Approved</h2><table border='1' align="center">
<tr>
<td>Tests passed/Failed/Skipped:</td><td>0/1/0</td>
</tr><tr>
<td>Started on:</td><td>Fri Jun 07 13:10:25 IST 2019</td>
</tr>
<tr><td>Total time:</td><td>51 seconds (51641 ms)</td>
</tr><tr>
<td>Included groups:</td><td></td>
</tr><tr>
<td>Excluded groups:</td><td></td>
</tr>
</table><p/>
<small><i>(Hover the method name to see the test class name)</i></small><p/>
<table width='100%' border='1' class='invocation-failed'>
<tr><td colspan='4' align='center'><b>FAILED TESTS</b></td></tr>
<tr><td><b>Test method</b></td>
<td width="30%"><b>Exception</b></td>
<td width="10%"><b>Time (seconds)</b></td>
<td><b>Instance</b></td>
</tr>
<tr>
<td title='com.mendix.test.MaterialScript.process_Information_Check_GlobalID_Extend()'><b>process_Information_Check_GlobalID_Extend</b><br>Test class: com.mendix.test.MaterialScript<br>Parameters: {S.NO=22.0, OpCo=BE01, Test_Case=17.Create_Vendor_with_Questionnaire_with_Global_and_Local_JDE, Execute=Y, RequestId=1426298, Level1Global=UoM, Level2Global=GDA, Level1Local=LDS, Level2Loca=LBDA, Syndication=Y, Global_ID=504616, Material_Number_AH1=, Material_Number_AE1=, Status_AH1=, Status_AE1=, Status_JDE=, Material Description=, R=, S=, T=, U=, V=, W=, X=, Y=, Z=, AA=, AB=, AC=, AD=, AE=, AF=, AG=, AH=, AI=, AJ=, AK=, AL=, AM=, AN=, AO=, AP=, AQ=, AR=, AS=, AT=, AU=, AV=, AW=, AX=, AY=, AZ=, BA=, BB=, BC=, BD=, BE=, BF=, BG=, BH=, BI=, BJ=, BK=, BL=, BM=, BN=, BO=, BP=, BQ=, BR=, BS=, BT=, BU=, BV=, BW=, BX=, BY=, BZ=, CA=, CB=, CC=, CD=, CE=, CF=, CG=, CH=, CI=, CJ=, CK=, CL=, CM=, CN=, CO=, CP=, CQ=, CR=, CS=, CT=, CU=, CV=, CW=, CX=, CY=, CZ=, DA=, DB=, DC=, DD=, DE=, DF=, DG=, DH=, DI=, DJ=, DK=, DL=, DM=, DN=, DO=, DP=, DQ=, DR=, DS=, DT=, DU=, DV=, DW=, DX=, DY=, DZ=, EA=, EB=, EC=, ED=, EE=, EF=, EG=, EH=, EI=, EJ=, EK=, EL=, EM=, EN=, EO=, EP=, EQ=, ER=, ES=, ET=, EU=, EV=, EW=, EX=, EY=, EZ=, FA=, FB=, FC=, FD=, FE=, FF=, FG=, FH=, FI=, FJ=, FK=, FL=, FM=, FN=, FO=, FP=, FQ=, FR=, FS=, FT=, FU=, FV=, FW=, FX=, FY=, FZ=, GA=, GB=, GC=, GD=, GE=, GF=, GG=, GH=, GI=, GJ=, GK=, GL=, GM=, GN=, GO=, GP=, GQ=, GR=, GS=, GT=, GU=, GV=, GW=, GX=, GY=, GZ=, HA=, HB=, HC=, HD=, HE=, HF=, HG=, HH=, HI=, HJ=, HK=, HL=, HM=, HN=, HO=, HP=, HQ=, HR=, HS=, HT=, HU=, HV=, HW=, HX=, HY=, HZ=, IA=, IB=, IC=, ID=, IE=, IF=, IG=, IH=, II=, IJ=, IK=, IL=, IM=, IN=, IO=, IP=, IQ=, IR=, IS=, IT=, IU=}</td>
<td><div><pre>java.lang.AssertionError: Syndication not yet done expected [Completed] but found [Syndication]
	at com.mendix.page.MaterialPage.checkSyndicationDoneStatus(MaterialPage.java:2526)
	at com.mendix.test.MaterialScript.process_Information_Check_GlobalID_Extend(MaterialScript.java:351)
... Removed 31 stack frames</pre></div><a href='#' onClick='toggleBox("stack-trace516570791", this, "Click to show all stack frames", "Click to hide stack frames")'>Click to show all stack frames</a>
<div class='stack-trace' id='stack-trace516570791'><pre>java.lang.AssertionError: Syndication not yet done expected [Completed] but found [Syndication]
	at org.testng.Assert.fail(Assert.java:96)
	at org.testng.Assert.failNotEquals(Assert.java:776)
	at org.testng.Assert.assertEqualsImpl(Assert.java:137)
	at org.testng.Assert.assertEquals(Assert.java:118)
	at org.testng.Assert.assertEquals(Assert.java:453)
	at com.mendix.page.MaterialPage.checkSyndicationDoneStatus(MaterialPage.java:2526)
	at com.mendix.test.MaterialScript.process_Information_Check_GlobalID_Extend(MaterialScript.java:351)
	at sun.reflect.NativeMethodAccessorImpl.invoke0(Native Method)
	at sun.reflect.NativeMethodAccessorImpl.invoke(Unknown Source)
	at sun.reflect.DelegatingMethodAccessorImpl.invoke(Unknown Source)
	at java.lang.reflect.Method.invoke(Unknown Source)
	at org.testng.internal.MethodInvocationHelper.invokeMethod(MethodInvocationHelper.java:124)
	at org.testng.internal.Invoker.invokeMethod(Invoker.java:580)
	at org.testng.internal.Invoker.invokeTestMethod(Invoker.java:716)
	at org.testng.internal.Invoker.invokeTestMethods(Invoker.java:988)
	at org.testng.internal.TestMethodWorker.invokeTestMethods(TestMethodWorker.java:125)
	at org.testng.internal.TestMethodWorker.run(TestMethodWorker.java:109)
	at org.testng.TestRunner.privateRun(TestRunner.java:648)
	at org.testng.TestRunner.run(TestRunner.java:505)
	at org.testng.SuiteRunner.runTest(SuiteRunner.java:455)
	at org.testng.SuiteRunner.runSequentially(SuiteRunner.java:450)
	at org.testng.SuiteRunner.privateRun(SuiteRunner.java:415)
	at org.testng.SuiteRunner.run(SuiteRunner.java:364)
	at org.testng.SuiteRunnerWorker.runSuite(SuiteRunnerWorker.java:52)
	at org.testng.SuiteRunnerWorker.run(SuiteRunnerWorker.java:84)
	at org.testng.TestNG.runSuitesSequentially(TestNG.java:1208)
	at org.testng.TestNG.runSuitesSequentially(TestNG.java:1204)
	at org.testng.TestNG.runSuitesLocally(TestNG.java:1137)
	at org.testng.TestNG.runSuites(TestNG.java:1049)
	at org.testng.TestNG.run(TestNG.java:1017)
	at org.testng.remote.AbstractRemoteTestNG.run(AbstractRemoteTestNG.java:114)
	at org.testng.remote.RemoteTestNG.initAndRun(RemoteTestNG.java:251)
	at org.testng.remote.RemoteTestNG.main(RemoteTestNG.java:77)
</pre></div></td>
<td>51</td>
<td>com.mendix.test.MaterialScript@612fc6eb</td></tr>
</table><p>
</body>
</html>